==========	LOG        ==========
01.py
233168
         7 function calls in 0.000 CPU seconds

   Ordered by: standard name

   ncalls  tottime  percall  cumtime  percall filename:lineno(function)
        1    0.000    0.000    0.000    0.000 01.py:1(?)
        1    0.000    0.000    0.000    0.000 :0(execfile)
        2    0.000    0.000    0.000    0.000 :0(range)
        1    0.000    0.000    0.000    0.000 :0(setprofile)
        1    0.000    0.000    0.000    0.000 <string>:1(?)
        1    0.000    0.000    0.000    0.000 profile:0(execfile('01.py'))
        0    0.000             0.000          profile:0(profiler)


==========================================
02.py
4613732
         41 function calls in 0.000 CPU seconds

   Ordered by: standard name

   ncalls  tottime  percall  cumtime  percall filename:lineno(function)
        1    0.000    0.000    0.000    0.000 02.py:1(?)
        1    0.000    0.000    0.000    0.000 :0(execfile)
        1    0.000    0.000    0.000    0.000 :0(setprofile)
        1    0.000    0.000    0.000    0.000 <string>:1(?)
        1    0.000    0.000    0.000    0.000 core.py:1(?)
       35    0.000    0.000    0.000    0.000 core.py:107(fib)
        1    0.000    0.000    0.000    0.000 profile:0(execfile('02.py'))
        0    0.000             0.000          profile:0(profiler)


==========================================
03.py
Largest Prime Factor is: 6857
         1612416 function calls in 7.590 CPU seconds

   Ordered by: standard name

   ncalls  tottime  percall  cumtime  percall filename:lineno(function)
        1    0.020    0.020    7.590    7.590 03.py:1(?)
   775147    0.980    0.000    0.980    0.000 :0(abs)
    62113    0.120    0.000    0.120    0.000 :0(append)
        1    0.000    0.000    7.590    7.590 :0(execfile)
        1    0.020    0.020    0.020    0.020 :0(range)
        1    0.000    0.000    0.000    0.000 :0(reverse)
        1    0.000    0.000    0.000    0.000 :0(setprofile)
        1    0.000    0.000    7.590    7.590 <string>:1(?)
        1    0.000    0.000    0.000    0.000 core.py:1(?)
   775147    5.210    0.000    6.190    0.000 core.py:11(isprime)
        1    1.240    1.240    7.550    7.550 core.py:25(primelist)
        1    0.000    0.000    7.590    7.590 profile:0(execfile('03.py'))
        0    0.000             0.000          profile:0(profiler)


==========================================
04.py
         898992 function calls in 3.210 CPU seconds

   Ordered by: standard name

   ncalls  tottime  percall  cumtime  percall filename:lineno(function)
        1    2.040    2.040    3.210    3.210 04.py:1(?)
      898    0.000    0.000    0.000    0.000 :0(append)
        1    0.000    0.000    3.210    3.210 :0(execfile)
       86    0.000    0.000    0.000    0.000 :0(len)
        1    0.000    0.000    0.000    0.000 :0(range)
        1    0.000    0.000    0.000    0.000 :0(setprofile)
        1    0.000    0.000    3.210    3.210 <string>:1(?)
        1    0.000    0.000    0.000    0.000 core.py:1(?)
   898001    1.170    0.000    1.170    0.000 core.py:114(ispalindrome)
        1    0.000    0.000    3.210    3.210 profile:0(execfile('04.py'))
        0    0.000             0.000          profile:0(profiler)


==========================================
05.py
Result is: 232792560
         6 function calls in 0.000 CPU seconds

   Ordered by: standard name

   ncalls  tottime  percall  cumtime  percall filename:lineno(function)
        1    0.000    0.000    0.000    0.000 05.py:1(?)
        1    0.000    0.000    0.000    0.000 :0(execfile)
        1    0.000    0.000    0.000    0.000 :0(reduce)
        1    0.000    0.000    0.000    0.000 :0(setprofile)
        1    0.000    0.000    0.000    0.000 <string>:1(?)
        1    0.000    0.000    0.000    0.000 profile:0(execfile('05.py'))
        0    0.000             0.000          profile:0(profiler)


==========================================
06.py
         6 function calls in 0.000 CPU seconds

   Ordered by: standard name

   ncalls  tottime  percall  cumtime  percall filename:lineno(function)
        1    0.000    0.000    0.000    0.000 06.py:1(?)
        1    0.000    0.000    0.000    0.000 :0(execfile)
        1    0.000    0.000    0.000    0.000 :0(range)
        1    0.000    0.000    0.000    0.000 :0(setprofile)
        1    0.000    0.000    0.000    0.000 <string>:1(?)
        1    0.000    0.000    0.000    0.000 profile:0(execfile('06.py'))
        0    0.000             0.000          profile:0(profiler)


==========================================
07.py
         376611 function calls in 1.130 CPU seconds

   Ordered by: standard name

   ncalls  tottime  percall  cumtime  percall filename:lineno(function)
        1    0.000    0.000    1.130    1.130 07.py:1(?)
   104744    0.430    0.000    0.650    0.000 07.py:1(isprime)
        1    0.320    0.320    1.130    1.130 07.py:14(primelist)
   104744    0.090    0.000    0.090    0.000 :0(abs)
    10001    0.000    0.000    0.000    0.000 :0(append)
        1    0.000    0.000    1.130    1.130 :0(execfile)
   104745    0.160    0.000    0.160    0.000 :0(len)
    52371    0.130    0.000    0.130    0.000 :0(range)
        1    0.000    0.000    0.000    0.000 :0(setprofile)
        1    0.000    0.000    1.130    1.130 <string>:1(?)
        1    0.000    0.000    1.130    1.130 profile:0(execfile('07.py'))
        0    0.000             0.000          profile:0(profiler)


==========================================
08.py
         7 function calls in 0.000 CPU seconds

   Ordered by: standard name

   ncalls  tottime  percall  cumtime  percall filename:lineno(function)
        1    0.000    0.000    0.000    0.000 08.py:1(?)
        1    0.000    0.000    0.000    0.000 :0(execfile)
        1    0.000    0.000    0.000    0.000 :0(len)
        1    0.000    0.000    0.000    0.000 :0(range)
        1    0.000    0.000    0.000    0.000 :0(setprofile)
        1    0.000    0.000    0.000    0.000 <string>:1(?)
        1    0.000    0.000    0.000    0.000 profile:0(execfile('08.py'))
        0    0.000             0.000          profile:0(profiler)


==========================================
09.py
         502 function calls in 0.040 CPU seconds

   Ordered by: standard name

   ncalls  tottime  percall  cumtime  percall filename:lineno(function)
        1    0.040    0.040    0.040    0.040 09.py:1(?)
        1    0.000    0.000    0.040    0.040 :0(execfile)
      497    0.000    0.000    0.000    0.000 :0(range)
        1    0.000    0.000    0.000    0.000 :0(setprofile)
        1    0.000    0.000    0.040    0.040 <string>:1(?)
        1    0.000    0.000    0.040    0.040 profile:0(execfile('09.py'))
        0    0.000             0.000          profile:0(profiler)


==========================================
10.py
Finding the sum of all primes between 0 and 2.000.000
Summation is: 142913828922
         4148941 function calls in 21.680 CPU seconds

   Ordered by: standard name

   ncalls  tottime  percall  cumtime  percall filename:lineno(function)
        1    0.050    0.050   21.660   21.660 10.py:1(?)
  2000000    2.050    0.000    2.050    0.000 :0(abs)
   148933    0.420    0.000    0.420    0.000 :0(append)
        1    0.000    0.000   21.660   21.660 :0(execfile)
        1    0.090    0.090    0.090    0.090 :0(range)
        1    0.020    0.020    0.020    0.020 :0(setprofile)
        1    0.000    0.000   21.660   21.660 <string>:1(?)
        1    0.000    0.000    0.000    0.000 core.py:1(?)
  2000000   16.040    0.000   18.090    0.000 core.py:11(isprime)
        1    3.010    3.010   21.520   21.520 core.py:25(primelist)
        1    0.000    0.000   21.680   21.680 profile:0(execfile('10.py'))
        0    0.000             0.000          profile:0(profiler)


==========================================
11.py
Highest value was: 70600674
Elapsed time: 0.0121729373932
         1210 function calls in 0.010 CPU seconds

   Ordered by: standard name

   ncalls  tottime  percall  cumtime  percall filename:lineno(function)
        1    0.010    0.010    0.010    0.010 11.py:1(?)
      400    0.000    0.000    0.000    0.000 11.py:3(get_points)
      400    0.000    0.000    0.000    0.000 :0(append)
        1    0.000    0.000    0.010    0.010 :0(execfile)
      401    0.000    0.000    0.000    0.000 :0(len)
        1    0.000    0.000    0.000    0.000 :0(range)
        1    0.000    0.000    0.000    0.000 :0(setprofile)
        1    0.000    0.000    0.000    0.000 :0(split)
        2    0.000    0.000    0.000    0.000 :0(time)
        1    0.000    0.000    0.010    0.010 <string>:1(?)
        1    0.000    0.000    0.010    0.010 profile:0(execfile('11.py'))
        0    0.000             0.000          profile:0(profiler)


==========================================
12.py
Answer is: 76576500
Elapsed time: 5.84614896774
         24757 function calls in 5.710 CPU seconds

   Ordered by: standard name

   ncalls  tottime  percall  cumtime  percall filename:lineno(function)
        1    0.030    0.030    5.710    5.710 12.py:1(?)
    12375    5.650    0.000    5.650    0.000 12.py:10(divisors)
    12375    0.030    0.000    0.030    0.000 12.py:4(trigen)
        1    0.000    0.000    5.710    5.710 :0(execfile)
        1    0.000    0.000    0.000    0.000 :0(setprofile)
        2    0.000    0.000    0.000    0.000 :0(time)
        1    0.000    0.000    5.710    5.710 <string>:1(?)
        1    0.000    0.000    5.710    5.710 profile:0(execfile('12.py'))
        0    0.000             0.000          profile:0(profiler)


==========================================
13.py
Solution is: 5537376230
Elapsed time:0.000395774841309
         7 function calls in 0.000 CPU seconds

   Ordered by: standard name

   ncalls  tottime  percall  cumtime  percall filename:lineno(function)
        1    0.000    0.000    0.000    0.000 13.py:1(?)
        1    0.000    0.000    0.000    0.000 :0(execfile)
        1    0.000    0.000    0.000    0.000 :0(setprofile)
        2    0.000    0.000    0.000    0.000 :0(time)
        1    0.000    0.000    0.000    0.000 <string>:1(?)
        1    0.000    0.000    0.000    0.000 profile:0(execfile('13.py'))
        0    0.000             0.000          profile:0(profiler)


==========================================
14.py
Highest count is: 524 for number: 837799
Elapsed time: 4.49798703194
         7 function calls in 4.550 CPU seconds

   Ordered by: standard name

   ncalls  tottime  percall  cumtime  percall filename:lineno(function)
        1    4.500    4.500    4.500    4.500 14.py:1(?)
        1    0.000    0.000    4.500    4.500 :0(execfile)
        1    0.050    0.050    0.050    0.050 :0(setprofile)
        2    0.000    0.000    0.000    0.000 :0(time)
        1    0.000    0.000    4.500    4.500 <string>:1(?)
        1    0.000    0.000    4.550    4.550 profile:0(execfile('14.py'))
        0    0.000             0.000          profile:0(profiler)


==========================================
15.py
1378465288200
         85 function calls in 0.000 CPU seconds

   Ordered by: standard name

   ncalls  tottime  percall  cumtime  percall filename:lineno(function)
        1    0.000    0.000    0.000    0.000 15.py:1(?)
       77    0.000    0.000    0.000    0.000 15.py:5(<lambda>)
        1    0.000    0.000    0.000    0.000 :0(execfile)
        3    0.000    0.000    0.000    0.000 :0(reduce)
        1    0.000    0.000    0.000    0.000 :0(setprofile)
        1    0.000    0.000    0.000    0.000 <string>:1(?)
        1    0.000    0.000    0.000    0.000 profile:0(execfile('15.py'))
        0    0.000             0.000          profile:0(profiler)


==========================================
16.py
1366
Elapsed time: 0.00019907951355
         7 function calls in 0.010 CPU seconds

   Ordered by: standard name

   ncalls  tottime  percall  cumtime  percall filename:lineno(function)
        1    0.000    0.000    0.000    0.000 16.py:1(?)
        1    0.000    0.000    0.000    0.000 :0(execfile)
        1    0.010    0.010    0.010    0.010 :0(setprofile)
        2    0.000    0.000    0.000    0.000 :0(time)
        1    0.000    0.000    0.000    0.000 <string>:1(?)
        1    0.000    0.000    0.010    0.010 profile:0(execfile('16.py'))
        0    0.000             0.000          profile:0(profiler)


==========================================
17.py
21124
Elapsed time: 46.0050106049
         5500 function calls in 0.010 CPU seconds

   Ordered by: standard name

   ncalls  tottime  percall  cumtime  percall filename:lineno(function)
     1000    0.000    0.000    0.010    0.000 17.py:42(lettersof)
        1    0.000    0.000    0.010    0.010 17.py:6(?)
        1    0.000    0.000    0.010    0.010 :0(execfile)
     4492    0.010    0.000    0.010    0.000 :0(len)
        1    0.000    0.000    0.000    0.000 :0(range)
        1    0.000    0.000    0.000    0.000 :0(setprofile)
        2    0.000    0.000    0.000    0.000 :0(time)
        1    0.000    0.000    0.010    0.010 <string>:1(?)
        1    0.000    0.000    0.010    0.010 profile:0(execfile('17.py'))
        0    0.000             0.000          profile:0(profiler)


==========================================
18.py
         5 function calls in 0.000 CPU seconds

   Ordered by: standard name

   ncalls  tottime  percall  cumtime  percall filename:lineno(function)
        1    0.000    0.000    0.000    0.000 18.py:2(?)
        1    0.000    0.000    0.000    0.000 :0(execfile)
        1    0.000    0.000    0.000    0.000 :0(setprofile)
        1    0.000    0.000    0.000    0.000 <string>:1(?)
        1    0.000    0.000    0.000    0.000 profile:0(execfile('18.py'))
        0    0.000             0.000          profile:0(profiler)


==========================================
20.py
648
         105 function calls in 0.000 CPU seconds

   Ordered by: standard name

   ncalls  tottime  percall  cumtime  percall filename:lineno(function)
        1    0.000    0.000    0.000    0.000 20.py:1(?)
       99    0.000    0.000    0.000    0.000 20.py:2(<lambda>)
        1    0.000    0.000    0.000    0.000 :0(execfile)
        1    0.000    0.000    0.000    0.000 :0(reduce)
        1    0.000    0.000    0.000    0.000 :0(setprofile)
        1    0.000    0.000    0.000    0.000 <string>:1(?)
        1    0.000    0.000    0.000    0.000 profile:0(execfile('20.py'))
        0    0.000             0.000          profile:0(profiler)


==========================================
21.py
Elapsed time: 2136.28697395
31626
         219910 function calls in 0.870 CPU seconds

   Ordered by: standard name

   ncalls  tottime  percall  cumtime  percall filename:lineno(function)
        1    0.000    0.000    0.870    0.870 21.py:1(?)
        1    0.080    0.080    0.870    0.870 21.py:4(prob21)
   159912    0.240    0.000    0.240    0.000 :0(append)
        1    0.000    0.000    0.870    0.870 :0(execfile)
        1    0.000    0.000    0.000    0.000 :0(range)
        1    0.000    0.000    0.000    0.000 :0(setprofile)
    19996    0.060    0.000    0.060    0.000 :0(sort)
    19996    0.060    0.000    0.060    0.000 :0(sum)
        2    0.000    0.000    0.000    0.000 :0(time)
        1    0.000    0.000    0.870    0.870 <string>:1(?)
        1    0.000    0.000    0.000    0.000 core.py:1(?)
    19996    0.430    0.000    0.730    0.000 core.py:49(divisors)
        1    0.000    0.000    0.870    0.870 profile:0(execfile('21.py'))
        0    0.000             0.000          profile:0(profiler)


==========================================
22.py
         28 function calls in 0.000 CPU seconds

   Ordered by: standard name

   ncalls  tottime  percall  cumtime  percall filename:lineno(function)
        1    0.000    0.000    0.000    0.000 22.py:1(?)
        1    0.000    0.000    0.000    0.000 :0(execfile)
        6    0.000    0.000    0.000    0.000 :0(isinstance)
        4    0.000    0.000    0.000    0.000 :0(len)
        2    0.000    0.000    0.000    0.000 :0(register_dialect)
        1    0.000    0.000    0.000    0.000 :0(setprofile)
        1    0.000    0.000    0.000    0.000 <string>:1(?)
        1    0.000    0.000    0.000    0.000 csv.py:127(DictWriter)
        1    0.000    0.000    0.000    0.000 csv.py:161(Sniffer)
        1    0.000    0.000    0.000    0.000 csv.py:22(Dialect)
        2    0.000    0.000    0.000    0.000 csv.py:34(__init__)
        1    0.000    0.000    0.000    0.000 csv.py:4(?)
        2    0.000    0.000    0.000    0.000 csv.py:41(_validate)
        1    0.000    0.000    0.000    0.000 csv.py:80(excel)
        1    0.000    0.000    0.000    0.000 csv.py:89(excel_tab)
        1    0.000    0.000    0.000    0.000 csv.py:94(DictReader)
        1    0.000    0.000    0.000    0.000 profile:0(execfile('22.py'))
        0    0.000             0.000          profile:0(profiler)


==========================================
23.py
         5 function calls in 0.000 CPU seconds

   Ordered by: standard name

   ncalls  tottime  percall  cumtime  percall filename:lineno(function)
        1    0.000    0.000    0.000    0.000 23.py:1(?)
        1    0.000    0.000    0.000    0.000 :0(execfile)
        1    0.000    0.000    0.000    0.000 :0(setprofile)
        1    0.000    0.000    0.000    0.000 <string>:1(?)
        1    0.000    0.000    0.000    0.000 profile:0(execfile('23.py'))
        0    0.000             0.000          profile:0(profiler)


==========================================
25.py
4782
         9572 function calls in 0.720 CPU seconds

   Ordered by: standard name

   ncalls  tottime  percall  cumtime  percall filename:lineno(function)
        1    0.720    0.720    0.720    0.720 25.py:1(?)
        1    0.000    0.000    0.720    0.720 :0(execfile)
     4783    0.000    0.000    0.000    0.000 :0(len)
        1    0.000    0.000    0.000    0.000 :0(setprofile)
        1    0.000    0.000    0.720    0.720 <string>:1(?)
        1    0.000    0.000    0.000    0.000 core.py:1(?)
     4783    0.000    0.000    0.000    0.000 core.py:107(fib)
        1    0.000    0.000    0.720    0.720 profile:0(execfile('25.py'))
        0    0.000             0.000          profile:0(profiler)


==========================================
48.py
9110846700
         6 function calls in 0.050 CPU seconds

   Ordered by: standard name

   ncalls  tottime  percall  cumtime  percall filename:lineno(function)
        1    0.050    0.050    0.050    0.050 48.py:1(?)
        1    0.000    0.000    0.050    0.050 :0(execfile)
        1    0.000    0.000    0.000    0.000 :0(range)
        1    0.000    0.000    0.000    0.000 :0(setprofile)
        1    0.000    0.000    0.050    0.050 <string>:1(?)
        1    0.000    0.000    0.050    0.050 profile:0(execfile('48.py'))
        0    0.000             0.000          profile:0(profiler)


==========================================
67.py
         5 function calls in 0.000 CPU seconds

   Ordered by: standard name

   ncalls  tottime  percall  cumtime  percall filename:lineno(function)
        1    0.000    0.000    0.000    0.000 67.py:2(?)
        1    0.000    0.000    0.000    0.000 :0(execfile)
        1    0.000    0.000    0.000    0.000 :0(setprofile)
        1    0.000    0.000    0.000    0.000 <string>:1(?)
        1    0.000    0.000    0.000    0.000 profile:0(execfile('67.py'))
        0    0.000             0.000          profile:0(profiler)


==========================================
core.py
         5 function calls in 0.000 CPU seconds

   Ordered by: standard name

   ncalls  tottime  percall  cumtime  percall filename:lineno(function)
        1    0.000    0.000    0.000    0.000 :0(execfile)
        1    0.000    0.000    0.000    0.000 :0(setprofile)
        1    0.000    0.000    0.000    0.000 <string>:1(?)
        1    0.000    0.000    0.000    0.000 core.py:1(?)
        1    0.000    0.000    0.000    0.000 profile:0(execfile('core.py'))
        0    0.000             0.000          profile:0(profiler)


==========================================
==========	END        ==========
